-------------------------------------------------------------------------------
Test set: RestAssured.RunCucumberTest
-------------------------------------------------------------------------------
Tests run: 11, Failures: 1, Errors: 0, Skipped: 0, Time elapsed: 13.701 s <<< FAILURE! - in RestAssured.RunCucumberTest
Put up a particular post(This is to verify all operations using Rest Assured)  Time elapsed: 1.094 s  <<< FAILURE!
java.lang.AssertionError: expected:<202> but was:<404>

