<?xml version="1.0" encoding="UTF-8"?>
<testsuite xmlns:xsi="http://www.w3.org/2001/XMLSchema-instance" xsi:noNamespaceSchemaLocation="https://maven.apache.org/surefire/maven-surefire-plugin/xsd/surefire-test-report-3.0.xsd" version="3.0" name="RestAssured.RunCucumberTest" time="13.701" tests="11" errors="0" skipped="0" failures="1">
  <properties>
[...]
</properties>
  <testcase name="Verify get operation for all posts" classname="This is to verify all operations using Rest Assured" time="5.948"/>
  <testcase name="Request a particular post" classname="This is to verify all operations using Rest Assured" time="0.693"/>
  <testcase name="Put up a particular post" classname="This is to verify all operations using Rest Assured" time="1.094">
    <failure message="expected:&lt;202&gt; but was:&lt;404&gt;" type="java.lang.AssertionError"><![CDATA[java.lang.AssertionError: expected:<202> but was:<404>
]]></failure>
    <system-out><![CDATA[
  Scenario: Put up a particular post                    &amp#27;[90m# RestAssured/GetPost.feature:16&amp#27;[0m
    &amp#27;[32mGiven &amp#27;[0m&amp#27;[32mWith the following details for put:&amp#27;[0m           &amp#27;[90m# Stepdefs.withTheFollowingDetailsForPut(String>)&amp#27;[0m
    &amp#27;[32mWhen &amp#27;[0m&amp#27;[32mMake a put request to "&amp#27;[0m&amp#27;[32m&amp#27;[1m/posts/1&amp#27;[0m&amp#27;[32m"&amp#27;[0m               &amp#27;[90m# Stepdefs.makeAPutRequestTo(String)&amp#27;[0m
    &amp#27;[31mThen &amp#27;[0m&amp#27;[31mVerify the response body and the status as &amp#27;[0m&amp#27;[31m&amp#27;[1m202&amp#27;[0m &amp#27;[90m# Stepdefs.verifyTheResponseBodyAndTheStatusAs(int)&amp#27;[0m
      &amp#27;[31mjava.lang.AssertionError: expected:<202> but was:<404>
	at org.junit.Assert.fail(Assert.java:88)
	at org.junit.Assert.failNotEquals(Assert.java:834)
	at org.junit.Assert.assertEquals(Assert.java:645)
	at org.junit.Assert.assertEquals(Assert.java:631)
	at RestAssured.Stepdefs.verifyTheResponseBodyAndTheStatusAs(Stepdefs.java:67)
	at ✽.Verify the response body and the status as 202(RestAssured/GetPost.feature:23)
&amp#27;[0m
]]></system-out>
  </testcase>
  <testcase name="Make a Patch request" classname="This is to verify all operations using Rest Assured" time="0.867"/>
  <testcase name="Delete a particular post" classname="This is to verify all operations using Rest Assured" time="0.847"/>
  <testcase name="Verify response lengths" classname="This is to verify all operations using Rest Assured" time="1.393"/>
  <testcase name="Verify response lengths" classname="This is to verify all operations using Rest Assured" time="0.525"/>
  <testcase name="Verify response lengths" classname="This is to verify all operations using Rest Assured" time="0.321"/>
  <testcase name="Verify response lengths" classname="This is to verify all operations using Rest Assured" time="0.824"/>
  <testcase name="Verify response lengths" classname="This is to verify all operations using Rest Assured" time="0.305"/>
  <testcase name="Verify response lengths" classname="This is to verify all operations using Rest Assured" time="0.286"/>
</testsuite>